[debug] [2026-02-08T02:46:31.634Z] > command requires scopes: ["email","openid","https://www.googleapis.com/auth/cloudplatformprojects.readonly","https://www.googleapis.com/auth/firebase","https://www.googleapis.com/auth/cloud-platform"]
[debug] [2026-02-08T02:46:31.636Z] > authorizing via signed-in user (bjorn@wink.travel)
[debug] [2026-02-08T02:46:31.636Z] > command requires scopes: ["email","openid","https://www.googleapis.com/auth/cloudplatformprojects.readonly","https://www.googleapis.com/auth/firebase","https://www.googleapis.com/auth/cloud-platform"]
[debug] [2026-02-08T02:46:31.636Z] > authorizing via signed-in user (bjorn@wink.travel)
[debug] [2026-02-08T02:46:31.636Z] Checked if tokens are valid: false, expires at: 1765702783333
[debug] [2026-02-08T02:46:31.636Z] Checked if tokens are valid: false, expires at: 1765702783333
[debug] [2026-02-08T02:46:31.636Z] > refreshing access token with scopes: []
[debug] [2026-02-08T02:46:31.637Z] >>> [apiv2][query] POST https://www.googleapis.com/oauth2/v3/token [none]
[debug] [2026-02-08T02:46:31.637Z] >>> [apiv2][body] POST https://www.googleapis.com/oauth2/v3/token [omitted]
[debug] [2026-02-08T02:46:31.638Z] Checked if tokens are valid: false, expires at: 1765702783333
[debug] [2026-02-08T02:46:31.638Z] Checked if tokens are valid: false, expires at: 1765702783333
[debug] [2026-02-08T02:46:31.638Z] > refreshing access token with scopes: []
[debug] [2026-02-08T02:46:31.638Z] >>> [apiv2][query] POST https://www.googleapis.com/oauth2/v3/token [none]
[debug] [2026-02-08T02:46:31.638Z] >>> [apiv2][body] POST https://www.googleapis.com/oauth2/v3/token [omitted]
[debug] [2026-02-08T02:46:31.638Z] > command requires scopes: ["email","openid","https://www.googleapis.com/auth/cloudplatformprojects.readonly","https://www.googleapis.com/auth/firebase","https://www.googleapis.com/auth/cloud-platform"]
[debug] [2026-02-08T02:46:31.638Z] > authorizing via signed-in user (bjorn@wink.travel)
[debug] [2026-02-08T02:46:31.639Z] Checked if tokens are valid: false, expires at: 1765702783333
[debug] [2026-02-08T02:46:31.639Z] Checked if tokens are valid: false, expires at: 1765702783333
[debug] [2026-02-08T02:46:31.639Z] > refreshing access token with scopes: []
[debug] [2026-02-08T02:46:31.639Z] >>> [apiv2][query] POST https://www.googleapis.com/oauth2/v3/token [none]
[debug] [2026-02-08T02:46:31.639Z] >>> [apiv2][body] POST https://www.googleapis.com/oauth2/v3/token [omitted]
[debug] [2026-02-08T02:46:31.769Z] <<< [apiv2][status] POST https://www.googleapis.com/oauth2/v3/token 200
[debug] [2026-02-08T02:46:31.769Z] <<< [apiv2][body] POST https://www.googleapis.com/oauth2/v3/token [omitted]
[debug] [2026-02-08T02:46:31.796Z] >>> [apiv2][query] GET https://cloudbilling.googleapis.com/v1/projects/wink-academy/billingInfo [none]
[debug] [2026-02-08T02:46:31.798Z] <<< [apiv2][status] POST https://www.googleapis.com/oauth2/v3/token 200
[debug] [2026-02-08T02:46:31.798Z] <<< [apiv2][body] POST https://www.googleapis.com/oauth2/v3/token [omitted]
[debug] [2026-02-08T02:46:31.816Z] >>> [apiv2][query] GET https://cloudbilling.googleapis.com/v1/projects/wink-academy/billingInfo [none]
[debug] [2026-02-08T02:46:31.817Z] <<< [apiv2][status] POST https://www.googleapis.com/oauth2/v3/token 200
[debug] [2026-02-08T02:46:31.817Z] <<< [apiv2][body] POST https://www.googleapis.com/oauth2/v3/token [omitted]
[debug] [2026-02-08T02:46:31.829Z] >>> [apiv2][query] GET https://cloudbilling.googleapis.com/v1/projects/wink-academy/billingInfo [none]
[debug] [2026-02-08T02:46:32.417Z] <<< [apiv2][status] GET https://cloudbilling.googleapis.com/v1/projects/wink-academy/billingInfo 200
[debug] [2026-02-08T02:46:32.418Z] <<< [apiv2][body] GET https://cloudbilling.googleapis.com/v1/projects/wink-academy/billingInfo {"name":"projects/wink-academy/billingInfo","projectId":"wink-academy","billingAccountName":"","billingEnabled":false}
[debug] [2026-02-08T02:46:32.427Z] Checked if tokens are valid: true, expires at: 1770522390817
[debug] [2026-02-08T02:46:32.427Z] Checked if tokens are valid: true, expires at: 1770522390817
[debug] [2026-02-08T02:46:32.428Z] Checked if tokens are valid: true, expires at: 1770522390817
[debug] [2026-02-08T02:46:32.428Z] Checked if tokens are valid: true, expires at: 1770522390817
[debug] [2026-02-08T02:46:32.428Z] Checked if tokens are valid: true, expires at: 1770522390817
[debug] [2026-02-08T02:46:32.428Z] Checked if tokens are valid: true, expires at: 1770522390817
[debug] [2026-02-08T02:46:32.428Z] Checked if tokens are valid: true, expires at: 1770522390817
[debug] [2026-02-08T02:46:32.428Z] Checked if tokens are valid: true, expires at: 1770522390817
[debug] [2026-02-08T02:46:32.428Z] Checked if tokens are valid: true, expires at: 1770522390817
[debug] [2026-02-08T02:46:32.428Z] Checked if tokens are valid: true, expires at: 1770522390817
[debug] [2026-02-08T02:46:32.428Z] Checked if tokens are valid: true, expires at: 1770522390817
[debug] [2026-02-08T02:46:32.428Z] Checked if tokens are valid: true, expires at: 1770522390817
[debug] [2026-02-08T02:46:32.429Z] Checked if tokens are valid: true, expires at: 1770522390817
[debug] [2026-02-08T02:46:32.429Z] Checked if tokens are valid: true, expires at: 1770522390817
[debug] [2026-02-08T02:46:32.438Z] Checked if tokens are valid: true, expires at: 1770522390817
[debug] [2026-02-08T02:46:32.438Z] Checked if tokens are valid: true, expires at: 1770522390817
[debug] [2026-02-08T02:46:32.438Z] Checked if tokens are valid: true, expires at: 1770522390817
[debug] [2026-02-08T02:46:32.438Z] Checked if tokens are valid: true, expires at: 1770522390817
[debug] [2026-02-08T02:46:32.438Z] >>> [apiv2][query] GET https://serviceusage.googleapis.com/v1/projects/wink-academy/services/firestore.googleapis.com [none]
[debug] [2026-02-08T02:46:32.438Z] >>> [apiv2][(partial)header] GET https://serviceusage.googleapis.com/v1/projects/wink-academy/services/firestore.googleapis.com  x-goog-user-project=wink-academy
[debug] [2026-02-08T02:46:32.439Z] >>> [apiv2][query] GET https://serviceusage.googleapis.com/v1/projects/wink-academy/services/storage.googleapis.com [none]
[debug] [2026-02-08T02:46:32.439Z] >>> [apiv2][(partial)header] GET https://serviceusage.googleapis.com/v1/projects/wink-academy/services/storage.googleapis.com  x-goog-user-project=wink-academy
[debug] [2026-02-08T02:46:32.439Z] >>> [apiv2][query] GET https://serviceusage.googleapis.com/v1/projects/wink-academy/services/firebasedataconnect.googleapis.com [none]
[debug] [2026-02-08T02:46:32.439Z] >>> [apiv2][(partial)header] GET https://serviceusage.googleapis.com/v1/projects/wink-academy/services/firebasedataconnect.googleapis.com  x-goog-user-project=wink-academy
[debug] [2026-02-08T02:46:32.439Z] >>> [apiv2][query] GET https://serviceusage.googleapis.com/v1/projects/wink-academy/services/identitytoolkit.googleapis.com [none]
[debug] [2026-02-08T02:46:32.439Z] >>> [apiv2][(partial)header] GET https://serviceusage.googleapis.com/v1/projects/wink-academy/services/identitytoolkit.googleapis.com  x-goog-user-project=wink-academy
[debug] [2026-02-08T02:46:32.440Z] >>> [apiv2][query] GET https://serviceusage.googleapis.com/v1/projects/wink-academy/services/fcm.googleapis.com [none]
[debug] [2026-02-08T02:46:32.440Z] >>> [apiv2][(partial)header] GET https://serviceusage.googleapis.com/v1/projects/wink-academy/services/fcm.googleapis.com  x-goog-user-project=wink-academy
[debug] [2026-02-08T02:46:32.440Z] >>> [apiv2][query] GET https://serviceusage.googleapis.com/v1/projects/wink-academy/services/cloudfunctions.googleapis.com [none]
[debug] [2026-02-08T02:46:32.440Z] >>> [apiv2][(partial)header] GET https://serviceusage.googleapis.com/v1/projects/wink-academy/services/cloudfunctions.googleapis.com  x-goog-user-project=wink-academy
[debug] [2026-02-08T02:46:32.440Z] >>> [apiv2][query] GET https://serviceusage.googleapis.com/v1/projects/wink-academy/services/firebaseremoteconfig.googleapis.com [none]
[debug] [2026-02-08T02:46:32.440Z] >>> [apiv2][(partial)header] GET https://serviceusage.googleapis.com/v1/projects/wink-academy/services/firebaseremoteconfig.googleapis.com  x-goog-user-project=wink-academy
[debug] [2026-02-08T02:46:32.441Z] >>> [apiv2][query] GET https://serviceusage.googleapis.com/v1/projects/wink-academy/services/firebaseapphosting.googleapis.com [none]
[debug] [2026-02-08T02:46:32.441Z] >>> [apiv2][(partial)header] GET https://serviceusage.googleapis.com/v1/projects/wink-academy/services/firebaseapphosting.googleapis.com  x-goog-user-project=wink-academy
[debug] [2026-02-08T02:46:32.441Z] >>> [apiv2][query] GET https://serviceusage.googleapis.com/v1/projects/wink-academy/services/firebaseio.com [none]
[debug] [2026-02-08T02:46:32.441Z] >>> [apiv2][(partial)header] GET https://serviceusage.googleapis.com/v1/projects/wink-academy/services/firebaseio.com  x-goog-user-project=wink-academy
[debug] [2026-02-08T02:46:32.688Z] <<< [apiv2][status] GET https://cloudbilling.googleapis.com/v1/projects/wink-academy/billingInfo 200
[debug] [2026-02-08T02:46:32.689Z] <<< [apiv2][body] GET https://cloudbilling.googleapis.com/v1/projects/wink-academy/billingInfo {"name":"projects/wink-academy/billingInfo","projectId":"wink-academy","billingAccountName":"","billingEnabled":false}
[debug] [2026-02-08T02:46:32.690Z] Checked if tokens are valid: true, expires at: 1770522390817
[debug] [2026-02-08T02:46:32.690Z] Checked if tokens are valid: true, expires at: 1770522390817
[debug] [2026-02-08T02:46:32.691Z] Checked if tokens are valid: true, expires at: 1770522390817
[debug] [2026-02-08T02:46:32.691Z] Checked if tokens are valid: true, expires at: 1770522390817
[debug] [2026-02-08T02:46:32.691Z] Checked if tokens are valid: true, expires at: 1770522390817
[debug] [2026-02-08T02:46:32.691Z] Checked if tokens are valid: true, expires at: 1770522390817
[debug] [2026-02-08T02:46:32.691Z] Checked if tokens are valid: true, expires at: 1770522390817
[debug] [2026-02-08T02:46:32.691Z] Checked if tokens are valid: true, expires at: 1770522390817
[debug] [2026-02-08T02:46:32.691Z] Checked if tokens are valid: true, expires at: 1770522390817
[debug] [2026-02-08T02:46:32.691Z] Checked if tokens are valid: true, expires at: 1770522390817
[debug] [2026-02-08T02:46:32.691Z] Checked if tokens are valid: true, expires at: 1770522390817
[debug] [2026-02-08T02:46:32.691Z] Checked if tokens are valid: true, expires at: 1770522390817
[debug] [2026-02-08T02:46:32.691Z] Checked if tokens are valid: true, expires at: 1770522390817
[debug] [2026-02-08T02:46:32.692Z] Checked if tokens are valid: true, expires at: 1770522390817
[debug] [2026-02-08T02:46:32.696Z] Checked if tokens are valid: true, expires at: 1770522390817
[debug] [2026-02-08T02:46:32.696Z] Checked if tokens are valid: true, expires at: 1770522390817
[debug] [2026-02-08T02:46:32.697Z] Checked if tokens are valid: true, expires at: 1770522390817
[debug] [2026-02-08T02:46:32.697Z] Checked if tokens are valid: true, expires at: 1770522390817
[debug] [2026-02-08T02:46:32.697Z] >>> [apiv2][query] GET https://serviceusage.googleapis.com/v1/projects/wink-academy/services/firestore.googleapis.com [none]
[debug] [2026-02-08T02:46:32.697Z] >>> [apiv2][(partial)header] GET https://serviceusage.googleapis.com/v1/projects/wink-academy/services/firestore.googleapis.com  x-goog-user-project=wink-academy
[debug] [2026-02-08T02:46:32.698Z] >>> [apiv2][query] GET https://serviceusage.googleapis.com/v1/projects/wink-academy/services/storage.googleapis.com [none]
[debug] [2026-02-08T02:46:32.698Z] >>> [apiv2][(partial)header] GET https://serviceusage.googleapis.com/v1/projects/wink-academy/services/storage.googleapis.com  x-goog-user-project=wink-academy
[debug] [2026-02-08T02:46:32.698Z] >>> [apiv2][query] GET https://serviceusage.googleapis.com/v1/projects/wink-academy/services/firebasedataconnect.googleapis.com [none]
[debug] [2026-02-08T02:46:32.698Z] >>> [apiv2][(partial)header] GET https://serviceusage.googleapis.com/v1/projects/wink-academy/services/firebasedataconnect.googleapis.com  x-goog-user-project=wink-academy
[debug] [2026-02-08T02:46:32.699Z] >>> [apiv2][query] GET https://serviceusage.googleapis.com/v1/projects/wink-academy/services/identitytoolkit.googleapis.com [none]
[debug] [2026-02-08T02:46:32.699Z] >>> [apiv2][(partial)header] GET https://serviceusage.googleapis.com/v1/projects/wink-academy/services/identitytoolkit.googleapis.com  x-goog-user-project=wink-academy
[debug] [2026-02-08T02:46:32.699Z] >>> [apiv2][query] GET https://serviceusage.googleapis.com/v1/projects/wink-academy/services/fcm.googleapis.com [none]
[debug] [2026-02-08T02:46:32.699Z] >>> [apiv2][(partial)header] GET https://serviceusage.googleapis.com/v1/projects/wink-academy/services/fcm.googleapis.com  x-goog-user-project=wink-academy
[debug] [2026-02-08T02:46:32.700Z] >>> [apiv2][query] GET https://serviceusage.googleapis.com/v1/projects/wink-academy/services/cloudfunctions.googleapis.com [none]
[debug] [2026-02-08T02:46:32.700Z] >>> [apiv2][(partial)header] GET https://serviceusage.googleapis.com/v1/projects/wink-academy/services/cloudfunctions.googleapis.com  x-goog-user-project=wink-academy
[debug] [2026-02-08T02:46:32.700Z] >>> [apiv2][query] GET https://serviceusage.googleapis.com/v1/projects/wink-academy/services/firebaseremoteconfig.googleapis.com [none]
[debug] [2026-02-08T02:46:32.700Z] >>> [apiv2][(partial)header] GET https://serviceusage.googleapis.com/v1/projects/wink-academy/services/firebaseremoteconfig.googleapis.com  x-goog-user-project=wink-academy
[debug] [2026-02-08T02:46:32.700Z] >>> [apiv2][query] GET https://serviceusage.googleapis.com/v1/projects/wink-academy/services/firebaseapphosting.googleapis.com [none]
[debug] [2026-02-08T02:46:32.701Z] >>> [apiv2][(partial)header] GET https://serviceusage.googleapis.com/v1/projects/wink-academy/services/firebaseapphosting.googleapis.com  x-goog-user-project=wink-academy
[debug] [2026-02-08T02:46:32.701Z] >>> [apiv2][query] GET https://serviceusage.googleapis.com/v1/projects/wink-academy/services/firebaseio.com [none]
[debug] [2026-02-08T02:46:32.701Z] >>> [apiv2][(partial)header] GET https://serviceusage.googleapis.com/v1/projects/wink-academy/services/firebaseio.com  x-goog-user-project=wink-academy
[debug] [2026-02-08T02:46:33.675Z] <<< [apiv2][status] GET https://cloudbilling.googleapis.com/v1/projects/wink-academy/billingInfo 200
[debug] [2026-02-08T02:46:33.676Z] <<< [apiv2][body] GET https://cloudbilling.googleapis.com/v1/projects/wink-academy/billingInfo {"name":"projects/wink-academy/billingInfo","projectId":"wink-academy","billingAccountName":"","billingEnabled":false}
[debug] [2026-02-08T02:46:33.677Z] Checked if tokens are valid: true, expires at: 1770522390817
[debug] [2026-02-08T02:46:33.677Z] Checked if tokens are valid: true, expires at: 1770522390817
[debug] [2026-02-08T02:46:33.677Z] Checked if tokens are valid: true, expires at: 1770522390817
[debug] [2026-02-08T02:46:33.677Z] Checked if tokens are valid: true, expires at: 1770522390817
[debug] [2026-02-08T02:46:33.678Z] Checked if tokens are valid: true, expires at: 1770522390817
[debug] [2026-02-08T02:46:33.678Z] Checked if tokens are valid: true, expires at: 1770522390817
[debug] [2026-02-08T02:46:33.678Z] Checked if tokens are valid: true, expires at: 1770522390817
[debug] [2026-02-08T02:46:33.678Z] Checked if tokens are valid: true, expires at: 1770522390817
[debug] [2026-02-08T02:46:33.678Z] Checked if tokens are valid: true, expires at: 1770522390817
[debug] [2026-02-08T02:46:33.678Z] Checked if tokens are valid: true, expires at: 1770522390817
[debug] [2026-02-08T02:46:33.678Z] Checked if tokens are valid: true, expires at: 1770522390817
[debug] [2026-02-08T02:46:33.678Z] Checked if tokens are valid: true, expires at: 1770522390817
[debug] [2026-02-08T02:46:33.679Z] Checked if tokens are valid: true, expires at: 1770522390817
[debug] [2026-02-08T02:46:33.679Z] Checked if tokens are valid: true, expires at: 1770522390817
[debug] [2026-02-08T02:46:33.682Z] Checked if tokens are valid: true, expires at: 1770522390817
[debug] [2026-02-08T02:46:33.682Z] Checked if tokens are valid: true, expires at: 1770522390817
[debug] [2026-02-08T02:46:33.683Z] Checked if tokens are valid: true, expires at: 1770522390817
[debug] [2026-02-08T02:46:33.683Z] Checked if tokens are valid: true, expires at: 1770522390817
[debug] [2026-02-08T02:46:33.683Z] >>> [apiv2][query] GET https://serviceusage.googleapis.com/v1/projects/wink-academy/services/firestore.googleapis.com [none]
[debug] [2026-02-08T02:46:33.683Z] >>> [apiv2][(partial)header] GET https://serviceusage.googleapis.com/v1/projects/wink-academy/services/firestore.googleapis.com  x-goog-user-project=wink-academy
[debug] [2026-02-08T02:46:33.684Z] >>> [apiv2][query] GET https://serviceusage.googleapis.com/v1/projects/wink-academy/services/storage.googleapis.com [none]
[debug] [2026-02-08T02:46:33.684Z] >>> [apiv2][(partial)header] GET https://serviceusage.googleapis.com/v1/projects/wink-academy/services/storage.googleapis.com  x-goog-user-project=wink-academy
[debug] [2026-02-08T02:46:33.684Z] >>> [apiv2][query] GET https://serviceusage.googleapis.com/v1/projects/wink-academy/services/firebasedataconnect.googleapis.com [none]
[debug] [2026-02-08T02:46:33.684Z] >>> [apiv2][(partial)header] GET https://serviceusage.googleapis.com/v1/projects/wink-academy/services/firebasedataconnect.googleapis.com  x-goog-user-project=wink-academy
[debug] [2026-02-08T02:46:33.684Z] >>> [apiv2][query] GET https://serviceusage.googleapis.com/v1/projects/wink-academy/services/identitytoolkit.googleapis.com [none]
[debug] [2026-02-08T02:46:33.684Z] >>> [apiv2][(partial)header] GET https://serviceusage.googleapis.com/v1/projects/wink-academy/services/identitytoolkit.googleapis.com  x-goog-user-project=wink-academy
[debug] [2026-02-08T02:46:33.685Z] >>> [apiv2][query] GET https://serviceusage.googleapis.com/v1/projects/wink-academy/services/fcm.googleapis.com [none]
[debug] [2026-02-08T02:46:33.685Z] >>> [apiv2][(partial)header] GET https://serviceusage.googleapis.com/v1/projects/wink-academy/services/fcm.googleapis.com  x-goog-user-project=wink-academy
[debug] [2026-02-08T02:46:33.685Z] >>> [apiv2][query] GET https://serviceusage.googleapis.com/v1/projects/wink-academy/services/cloudfunctions.googleapis.com [none]
[debug] [2026-02-08T02:46:33.685Z] >>> [apiv2][(partial)header] GET https://serviceusage.googleapis.com/v1/projects/wink-academy/services/cloudfunctions.googleapis.com  x-goog-user-project=wink-academy
[debug] [2026-02-08T02:46:33.685Z] >>> [apiv2][query] GET https://serviceusage.googleapis.com/v1/projects/wink-academy/services/firebaseremoteconfig.googleapis.com [none]
[debug] [2026-02-08T02:46:33.685Z] >>> [apiv2][(partial)header] GET https://serviceusage.googleapis.com/v1/projects/wink-academy/services/firebaseremoteconfig.googleapis.com  x-goog-user-project=wink-academy
[debug] [2026-02-08T02:46:33.686Z] >>> [apiv2][query] GET https://serviceusage.googleapis.com/v1/projects/wink-academy/services/firebaseapphosting.googleapis.com [none]
[debug] [2026-02-08T02:46:33.686Z] >>> [apiv2][(partial)header] GET https://serviceusage.googleapis.com/v1/projects/wink-academy/services/firebaseapphosting.googleapis.com  x-goog-user-project=wink-academy
[debug] [2026-02-08T02:46:33.686Z] >>> [apiv2][query] GET https://serviceusage.googleapis.com/v1/projects/wink-academy/services/firebaseio.com [none]
[debug] [2026-02-08T02:46:33.686Z] >>> [apiv2][(partial)header] GET https://serviceusage.googleapis.com/v1/projects/wink-academy/services/firebaseio.com  x-goog-user-project=wink-academy
[debug] [2026-02-08T02:46:34.001Z] <<< [apiv2][status] GET https://serviceusage.googleapis.com/v1/projects/wink-academy/services/fcm.googleapis.com 200
[debug] [2026-02-08T02:46:34.001Z] <<< [apiv2][body] GET https://serviceusage.googleapis.com/v1/projects/wink-academy/services/fcm.googleapis.com [omitted]
[debug] [2026-02-08T02:46:34.017Z] <<< [apiv2][status] GET https://serviceusage.googleapis.com/v1/projects/wink-academy/services/identitytoolkit.googleapis.com 200
[debug] [2026-02-08T02:46:34.017Z] <<< [apiv2][body] GET https://serviceusage.googleapis.com/v1/projects/wink-academy/services/identitytoolkit.googleapis.com [omitted]
[debug] [2026-02-08T02:46:34.025Z] <<< [apiv2][status] GET https://serviceusage.googleapis.com/v1/projects/wink-academy/services/firebasedataconnect.googleapis.com 200
[debug] [2026-02-08T02:46:34.025Z] <<< [apiv2][body] GET https://serviceusage.googleapis.com/v1/projects/wink-academy/services/firebasedataconnect.googleapis.com [omitted]
[debug] [2026-02-08T02:46:34.094Z] <<< [apiv2][status] GET https://serviceusage.googleapis.com/v1/projects/wink-academy/services/firebaseremoteconfig.googleapis.com 200
[debug] [2026-02-08T02:46:34.094Z] <<< [apiv2][body] GET https://serviceusage.googleapis.com/v1/projects/wink-academy/services/firebaseremoteconfig.googleapis.com [omitted]
[debug] [2026-02-08T02:46:34.104Z] <<< [apiv2][status] GET https://serviceusage.googleapis.com/v1/projects/wink-academy/services/firebaseapphosting.googleapis.com 200
[debug] [2026-02-08T02:46:34.104Z] <<< [apiv2][body] GET https://serviceusage.googleapis.com/v1/projects/wink-academy/services/firebaseapphosting.googleapis.com [omitted]
[debug] [2026-02-08T02:46:34.104Z] <<< [apiv2][status] GET https://serviceusage.googleapis.com/v1/projects/wink-academy/services/firebaseio.com 403
[debug] [2026-02-08T02:46:34.104Z] <<< [apiv2][body] GET https://serviceusage.googleapis.com/v1/projects/wink-academy/services/firebaseio.com [omitted]
[debug] [2026-02-08T02:46:34.110Z] <<< [apiv2][status] GET https://serviceusage.googleapis.com/v1/projects/wink-academy/services/cloudfunctions.googleapis.com 200
[debug] [2026-02-08T02:46:34.110Z] <<< [apiv2][body] GET https://serviceusage.googleapis.com/v1/projects/wink-academy/services/cloudfunctions.googleapis.com [omitted]
[debug] [2026-02-08T02:46:34.111Z] <<< [apiv2][status] GET https://serviceusage.googleapis.com/v1/projects/wink-academy/services/storage.googleapis.com 200
[debug] [2026-02-08T02:46:34.111Z] <<< [apiv2][body] GET https://serviceusage.googleapis.com/v1/projects/wink-academy/services/storage.googleapis.com [omitted]
[debug] [2026-02-08T02:46:34.119Z] <<< [apiv2][status] GET https://serviceusage.googleapis.com/v1/projects/wink-academy/services/firestore.googleapis.com 200
[debug] [2026-02-08T02:46:34.119Z] <<< [apiv2][body] GET https://serviceusage.googleapis.com/v1/projects/wink-academy/services/firestore.googleapis.com [omitted]
[debug] [2026-02-08T02:46:35.314Z] <<< [apiv2][status] GET https://serviceusage.googleapis.com/v1/projects/wink-academy/services/fcm.googleapis.com 200
[debug] [2026-02-08T02:46:35.315Z] <<< [apiv2][body] GET https://serviceusage.googleapis.com/v1/projects/wink-academy/services/fcm.googleapis.com [omitted]
[debug] [2026-02-08T02:46:35.345Z] <<< [apiv2][status] GET https://serviceusage.googleapis.com/v1/projects/wink-academy/services/identitytoolkit.googleapis.com 200
[debug] [2026-02-08T02:46:35.345Z] <<< [apiv2][body] GET https://serviceusage.googleapis.com/v1/projects/wink-academy/services/identitytoolkit.googleapis.com [omitted]
[debug] [2026-02-08T02:46:35.593Z] <<< [apiv2][status] GET https://serviceusage.googleapis.com/v1/projects/wink-academy/services/firebasedataconnect.googleapis.com 200
[debug] [2026-02-08T02:46:35.594Z] <<< [apiv2][body] GET https://serviceusage.googleapis.com/v1/projects/wink-academy/services/firebasedataconnect.googleapis.com [omitted]
[debug] [2026-02-08T02:46:35.594Z] <<< [apiv2][status] GET https://serviceusage.googleapis.com/v1/projects/wink-academy/services/firebaseapphosting.googleapis.com 200
[debug] [2026-02-08T02:46:35.594Z] <<< [apiv2][body] GET https://serviceusage.googleapis.com/v1/projects/wink-academy/services/firebaseapphosting.googleapis.com [omitted]
[debug] [2026-02-08T02:46:35.594Z] <<< [apiv2][status] GET https://serviceusage.googleapis.com/v1/projects/wink-academy/services/firebaseio.com 403
[debug] [2026-02-08T02:46:35.595Z] <<< [apiv2][body] GET https://serviceusage.googleapis.com/v1/projects/wink-academy/services/firebaseio.com [omitted]
[debug] [2026-02-08T02:46:35.619Z] <<< [apiv2][status] GET https://serviceusage.googleapis.com/v1/projects/wink-academy/services/firebaseremoteconfig.googleapis.com 200
[debug] [2026-02-08T02:46:35.619Z] <<< [apiv2][body] GET https://serviceusage.googleapis.com/v1/projects/wink-academy/services/firebaseremoteconfig.googleapis.com [omitted]
[debug] [2026-02-08T02:46:35.697Z] <<< [apiv2][status] GET https://serviceusage.googleapis.com/v1/projects/wink-academy/services/firestore.googleapis.com 200
[debug] [2026-02-08T02:46:35.697Z] <<< [apiv2][body] GET https://serviceusage.googleapis.com/v1/projects/wink-academy/services/firestore.googleapis.com [omitted]
[debug] [2026-02-08T02:46:35.750Z] <<< [apiv2][status] GET https://serviceusage.googleapis.com/v1/projects/wink-academy/services/storage.googleapis.com 200
[debug] [2026-02-08T02:46:35.750Z] <<< [apiv2][body] GET https://serviceusage.googleapis.com/v1/projects/wink-academy/services/storage.googleapis.com [omitted]
[debug] [2026-02-08T02:46:35.826Z] <<< [apiv2][status] GET https://serviceusage.googleapis.com/v1/projects/wink-academy/services/cloudfunctions.googleapis.com 200
[debug] [2026-02-08T02:46:35.827Z] <<< [apiv2][body] GET https://serviceusage.googleapis.com/v1/projects/wink-academy/services/cloudfunctions.googleapis.com [omitted]
[debug] [2026-02-08T02:46:35.913Z] <<< [apiv2][status] GET https://serviceusage.googleapis.com/v1/projects/wink-academy/services/storage.googleapis.com 200
[debug] [2026-02-08T02:46:35.913Z] <<< [apiv2][body] GET https://serviceusage.googleapis.com/v1/projects/wink-academy/services/storage.googleapis.com [omitted]
[debug] [2026-02-08T02:46:36.114Z] <<< [apiv2][status] GET https://serviceusage.googleapis.com/v1/projects/wink-academy/services/firestore.googleapis.com 200
[debug] [2026-02-08T02:46:36.114Z] <<< [apiv2][body] GET https://serviceusage.googleapis.com/v1/projects/wink-academy/services/firestore.googleapis.com [omitted]
[debug] [2026-02-08T02:46:36.115Z] <<< [apiv2][status] GET https://serviceusage.googleapis.com/v1/projects/wink-academy/services/identitytoolkit.googleapis.com 200
[debug] [2026-02-08T02:46:36.115Z] <<< [apiv2][body] GET https://serviceusage.googleapis.com/v1/projects/wink-academy/services/identitytoolkit.googleapis.com [omitted]
[debug] [2026-02-08T02:46:36.211Z] <<< [apiv2][status] GET https://serviceusage.googleapis.com/v1/projects/wink-academy/services/firebasedataconnect.googleapis.com 200
[debug] [2026-02-08T02:46:36.212Z] <<< [apiv2][body] GET https://serviceusage.googleapis.com/v1/projects/wink-academy/services/firebasedataconnect.googleapis.com [omitted]
[debug] [2026-02-08T02:46:36.344Z] <<< [apiv2][status] GET https://serviceusage.googleapis.com/v1/projects/wink-academy/services/fcm.googleapis.com 200
[debug] [2026-02-08T02:46:36.345Z] <<< [apiv2][body] GET https://serviceusage.googleapis.com/v1/projects/wink-academy/services/fcm.googleapis.com [omitted]
[debug] [2026-02-08T02:46:36.358Z] <<< [apiv2][status] GET https://serviceusage.googleapis.com/v1/projects/wink-academy/services/firebaseremoteconfig.googleapis.com 200
[debug] [2026-02-08T02:46:36.358Z] <<< [apiv2][body] GET https://serviceusage.googleapis.com/v1/projects/wink-academy/services/firebaseremoteconfig.googleapis.com [omitted]
[debug] [2026-02-08T02:46:36.464Z] <<< [apiv2][status] GET https://serviceusage.googleapis.com/v1/projects/wink-academy/services/cloudfunctions.googleapis.com 200
[debug] [2026-02-08T02:46:36.464Z] <<< [apiv2][body] GET https://serviceusage.googleapis.com/v1/projects/wink-academy/services/cloudfunctions.googleapis.com [omitted]
[debug] [2026-02-08T02:46:36.560Z] <<< [apiv2][status] GET https://serviceusage.googleapis.com/v1/projects/wink-academy/services/firebaseapphosting.googleapis.com 200
[debug] [2026-02-08T02:46:36.560Z] <<< [apiv2][body] GET https://serviceusage.googleapis.com/v1/projects/wink-academy/services/firebaseapphosting.googleapis.com [omitted]
[debug] [2026-02-08T02:46:36.578Z] > command requires scopes: ["email","openid","https://www.googleapis.com/auth/cloudplatformprojects.readonly","https://www.googleapis.com/auth/firebase","https://www.googleapis.com/auth/cloud-platform"]
[debug] [2026-02-08T02:46:36.579Z] > authorizing via signed-in user (bjorn@wink.travel)
[debug] [2026-02-08T02:46:36.579Z] Checked if tokens are valid: true, expires at: 1770522390817
[debug] [2026-02-08T02:46:36.579Z] Checked if tokens are valid: true, expires at: 1770522390817
[debug] [2026-02-08T02:46:36.579Z] >>> [apiv2][query] GET https://cloudbilling.googleapis.com/v1/projects/wink-academy/billingInfo [none]
[debug] [2026-02-08T02:46:36.583Z] <<< [apiv2][status] GET https://serviceusage.googleapis.com/v1/projects/wink-academy/services/firebaseio.com 403
[debug] [2026-02-08T02:46:36.583Z] <<< [apiv2][body] GET https://serviceusage.googleapis.com/v1/projects/wink-academy/services/firebaseio.com [omitted]
[debug] [2026-02-08T02:46:36.653Z] > command requires scopes: ["email","openid","https://www.googleapis.com/auth/cloudplatformprojects.readonly","https://www.googleapis.com/auth/firebase","https://www.googleapis.com/auth/cloud-platform"]
[debug] [2026-02-08T02:46:36.654Z] > authorizing via signed-in user (bjorn@wink.travel)
[debug] [2026-02-08T02:46:36.654Z] Checked if tokens are valid: true, expires at: 1770522390817
[debug] [2026-02-08T02:46:36.654Z] Checked if tokens are valid: true, expires at: 1770522390817
[debug] [2026-02-08T02:46:36.654Z] >>> [apiv2][query] GET https://cloudbilling.googleapis.com/v1/projects/wink-academy/billingInfo [none]
[debug] [2026-02-08T02:46:38.052Z] <<< [apiv2][status] GET https://cloudbilling.googleapis.com/v1/projects/wink-academy/billingInfo 200
[debug] [2026-02-08T02:46:38.053Z] <<< [apiv2][body] GET https://cloudbilling.googleapis.com/v1/projects/wink-academy/billingInfo {"name":"projects/wink-academy/billingInfo","projectId":"wink-academy","billingAccountName":"","billingEnabled":false}
[debug] [2026-02-08T02:46:38.055Z] > command requires scopes: ["email","openid","https://www.googleapis.com/auth/cloudplatformprojects.readonly","https://www.googleapis.com/auth/firebase","https://www.googleapis.com/auth/cloud-platform"]
[debug] [2026-02-08T02:46:38.055Z] > authorizing via signed-in user (bjorn@wink.travel)
[debug] [2026-02-08T02:46:38.056Z] <<< [apiv2][status] GET https://cloudbilling.googleapis.com/v1/projects/wink-academy/billingInfo 200
[debug] [2026-02-08T02:46:38.056Z] <<< [apiv2][body] GET https://cloudbilling.googleapis.com/v1/projects/wink-academy/billingInfo {"name":"projects/wink-academy/billingInfo","projectId":"wink-academy","billingAccountName":"","billingEnabled":false}
[debug] [2026-02-08T02:46:38.057Z] > command requires scopes: ["email","openid","https://www.googleapis.com/auth/cloudplatformprojects.readonly","https://www.googleapis.com/auth/firebase","https://www.googleapis.com/auth/cloud-platform"]
[debug] [2026-02-08T02:46:38.057Z] > authorizing via signed-in user (bjorn@wink.travel)
[debug] [2026-02-08T02:47:28.195Z] > command requires scopes: ["email","openid","https://www.googleapis.com/auth/cloudplatformprojects.readonly","https://www.googleapis.com/auth/firebase","https://www.googleapis.com/auth/cloud-platform"]
[debug] [2026-02-08T02:47:28.196Z] > authorizing via signed-in user (bjorn@wink.travel)
[debug] [2026-02-08T02:47:28.196Z] > command requires scopes: ["email","openid","https://www.googleapis.com/auth/cloudplatformprojects.readonly","https://www.googleapis.com/auth/firebase","https://www.googleapis.com/auth/cloud-platform"]
[debug] [2026-02-08T02:47:28.196Z] > authorizing via signed-in user (bjorn@wink.travel)
[debug] [2026-02-08T02:47:28.197Z] Checked if tokens are valid: true, expires at: 1770522390817
[debug] [2026-02-08T02:47:28.197Z] Checked if tokens are valid: true, expires at: 1770522390817
[debug] [2026-02-08T02:47:28.197Z] Checked if tokens are valid: true, expires at: 1770522390817
[debug] [2026-02-08T02:47:28.197Z] Checked if tokens are valid: true, expires at: 1770522390817
[debug] [2026-02-08T02:47:28.197Z] > command requires scopes: ["email","openid","https://www.googleapis.com/auth/cloudplatformprojects.readonly","https://www.googleapis.com/auth/firebase","https://www.googleapis.com/auth/cloud-platform"]
[debug] [2026-02-08T02:47:28.197Z] > authorizing via signed-in user (bjorn@wink.travel)
[debug] [2026-02-08T02:47:28.197Z] Checked if tokens are valid: true, expires at: 1770522390817
[debug] [2026-02-08T02:47:28.197Z] Checked if tokens are valid: true, expires at: 1770522390817
[debug] [2026-02-08T02:47:28.198Z] >>> [apiv2][query] GET https://cloudbilling.googleapis.com/v1/projects/wink-academy/billingInfo [none]
[debug] [2026-02-08T02:47:28.198Z] >>> [apiv2][query] GET https://cloudbilling.googleapis.com/v1/projects/wink-academy/billingInfo [none]
[debug] [2026-02-08T02:47:28.199Z] >>> [apiv2][query] GET https://cloudbilling.googleapis.com/v1/projects/wink-academy/billingInfo [none]
[debug] [2026-02-08T02:47:28.749Z] <<< [apiv2][status] GET https://cloudbilling.googleapis.com/v1/projects/wink-academy/billingInfo 200
[debug] [2026-02-08T02:47:28.750Z] <<< [apiv2][body] GET https://cloudbilling.googleapis.com/v1/projects/wink-academy/billingInfo {"name":"projects/wink-academy/billingInfo","projectId":"wink-academy","billingAccountName":"","billingEnabled":false}
[debug] [2026-02-08T02:47:28.759Z] Checked if tokens are valid: true, expires at: 1770522390817
[debug] [2026-02-08T02:47:28.759Z] Checked if tokens are valid: true, expires at: 1770522390817
[debug] [2026-02-08T02:47:28.759Z] Checked if tokens are valid: true, expires at: 1770522390817
[debug] [2026-02-08T02:47:28.759Z] Checked if tokens are valid: true, expires at: 1770522390817
[debug] [2026-02-08T02:47:28.760Z] Checked if tokens are valid: true, expires at: 1770522390817
[debug] [2026-02-08T02:47:28.760Z] Checked if tokens are valid: true, expires at: 1770522390817
[debug] [2026-02-08T02:47:28.769Z] Checked if tokens are valid: true, expires at: 1770522390817
[debug] [2026-02-08T02:47:28.769Z] Checked if tokens are valid: true, expires at: 1770522390817
[debug] [2026-02-08T02:47:28.769Z] Checked if tokens are valid: true, expires at: 1770522390817
[debug] [2026-02-08T02:47:28.769Z] Checked if tokens are valid: true, expires at: 1770522390817
[debug] [2026-02-08T02:47:28.769Z] >>> [apiv2][query] GET https://serviceusage.googleapis.com/v1/projects/wink-academy/services/firestore.googleapis.com [none]
[debug] [2026-02-08T02:47:28.769Z] >>> [apiv2][(partial)header] GET https://serviceusage.googleapis.com/v1/projects/wink-academy/services/firestore.googleapis.com  x-goog-user-project=wink-academy
[debug] [2026-02-08T02:47:28.771Z] >>> [apiv2][query] GET https://serviceusage.googleapis.com/v1/projects/wink-academy/services/firebasedataconnect.googleapis.com [none]
[debug] [2026-02-08T02:47:28.771Z] >>> [apiv2][(partial)header] GET https://serviceusage.googleapis.com/v1/projects/wink-academy/services/firebasedataconnect.googleapis.com  x-goog-user-project=wink-academy
[debug] [2026-02-08T02:47:28.772Z] >>> [apiv2][query] GET https://serviceusage.googleapis.com/v1/projects/wink-academy/services/cloudfunctions.googleapis.com [none]
[debug] [2026-02-08T02:47:28.772Z] >>> [apiv2][(partial)header] GET https://serviceusage.googleapis.com/v1/projects/wink-academy/services/cloudfunctions.googleapis.com  x-goog-user-project=wink-academy
[debug] [2026-02-08T02:47:28.773Z] >>> [apiv2][query] GET https://serviceusage.googleapis.com/v1/projects/wink-academy/services/firebaseapphosting.googleapis.com [none]
[debug] [2026-02-08T02:47:28.773Z] >>> [apiv2][(partial)header] GET https://serviceusage.googleapis.com/v1/projects/wink-academy/services/firebaseapphosting.googleapis.com  x-goog-user-project=wink-academy
[debug] [2026-02-08T02:47:28.773Z] >>> [apiv2][query] GET https://serviceusage.googleapis.com/v1/projects/wink-academy/services/firebaseio.com [none]
[debug] [2026-02-08T02:47:28.773Z] >>> [apiv2][(partial)header] GET https://serviceusage.googleapis.com/v1/projects/wink-academy/services/firebaseio.com  x-goog-user-project=wink-academy
[debug] [2026-02-08T02:47:29.182Z] <<< [apiv2][status] GET https://cloudbilling.googleapis.com/v1/projects/wink-academy/billingInfo 200
[debug] [2026-02-08T02:47:29.182Z] <<< [apiv2][body] GET https://cloudbilling.googleapis.com/v1/projects/wink-academy/billingInfo {"name":"projects/wink-academy/billingInfo","projectId":"wink-academy","billingAccountName":"","billingEnabled":false}
[debug] [2026-02-08T02:47:29.183Z] Checked if tokens are valid: true, expires at: 1770522390817
[debug] [2026-02-08T02:47:29.183Z] Checked if tokens are valid: true, expires at: 1770522390817
[debug] [2026-02-08T02:47:29.183Z] Checked if tokens are valid: true, expires at: 1770522390817
[debug] [2026-02-08T02:47:29.184Z] Checked if tokens are valid: true, expires at: 1770522390817
[debug] [2026-02-08T02:47:29.184Z] Checked if tokens are valid: true, expires at: 1770522390817
[debug] [2026-02-08T02:47:29.184Z] Checked if tokens are valid: true, expires at: 1770522390817
[debug] [2026-02-08T02:47:29.188Z] Checked if tokens are valid: true, expires at: 1770522390817
[debug] [2026-02-08T02:47:29.188Z] Checked if tokens are valid: true, expires at: 1770522390817
[debug] [2026-02-08T02:47:29.188Z] Checked if tokens are valid: true, expires at: 1770522390817
[debug] [2026-02-08T02:47:29.188Z] Checked if tokens are valid: true, expires at: 1770522390817
[debug] [2026-02-08T02:47:29.188Z] >>> [apiv2][query] GET https://serviceusage.googleapis.com/v1/projects/wink-academy/services/firestore.googleapis.com [none]
[debug] [2026-02-08T02:47:29.188Z] >>> [apiv2][(partial)header] GET https://serviceusage.googleapis.com/v1/projects/wink-academy/services/firestore.googleapis.com  x-goog-user-project=wink-academy
[debug] [2026-02-08T02:47:29.189Z] >>> [apiv2][query] GET https://serviceusage.googleapis.com/v1/projects/wink-academy/services/firebasedataconnect.googleapis.com [none]
[debug] [2026-02-08T02:47:29.189Z] >>> [apiv2][(partial)header] GET https://serviceusage.googleapis.com/v1/projects/wink-academy/services/firebasedataconnect.googleapis.com  x-goog-user-project=wink-academy
[debug] [2026-02-08T02:47:29.190Z] >>> [apiv2][query] GET https://serviceusage.googleapis.com/v1/projects/wink-academy/services/cloudfunctions.googleapis.com [none]
[debug] [2026-02-08T02:47:29.190Z] >>> [apiv2][(partial)header] GET https://serviceusage.googleapis.com/v1/projects/wink-academy/services/cloudfunctions.googleapis.com  x-goog-user-project=wink-academy
[debug] [2026-02-08T02:47:29.191Z] >>> [apiv2][query] GET https://serviceusage.googleapis.com/v1/projects/wink-academy/services/firebaseapphosting.googleapis.com [none]
[debug] [2026-02-08T02:47:29.191Z] >>> [apiv2][(partial)header] GET https://serviceusage.googleapis.com/v1/projects/wink-academy/services/firebaseapphosting.googleapis.com  x-goog-user-project=wink-academy
[debug] [2026-02-08T02:47:29.191Z] >>> [apiv2][query] GET https://serviceusage.googleapis.com/v1/projects/wink-academy/services/firebaseio.com [none]
[debug] [2026-02-08T02:47:29.192Z] >>> [apiv2][(partial)header] GET https://serviceusage.googleapis.com/v1/projects/wink-academy/services/firebaseio.com  x-goog-user-project=wink-academy
[debug] [2026-02-08T02:47:29.901Z] <<< [apiv2][status] GET https://cloudbilling.googleapis.com/v1/projects/wink-academy/billingInfo 200
[debug] [2026-02-08T02:47:29.901Z] <<< [apiv2][body] GET https://cloudbilling.googleapis.com/v1/projects/wink-academy/billingInfo {"name":"projects/wink-academy/billingInfo","projectId":"wink-academy","billingAccountName":"","billingEnabled":false}
[debug] [2026-02-08T02:47:29.902Z] Checked if tokens are valid: true, expires at: 1770522390817
[debug] [2026-02-08T02:47:29.902Z] Checked if tokens are valid: true, expires at: 1770522390817
[debug] [2026-02-08T02:47:29.903Z] Checked if tokens are valid: true, expires at: 1770522390817
[debug] [2026-02-08T02:47:29.903Z] Checked if tokens are valid: true, expires at: 1770522390817
[debug] [2026-02-08T02:47:29.903Z] Checked if tokens are valid: true, expires at: 1770522390817
[debug] [2026-02-08T02:47:29.903Z] Checked if tokens are valid: true, expires at: 1770522390817
[debug] [2026-02-08T02:47:29.905Z] Checked if tokens are valid: true, expires at: 1770522390817
[debug] [2026-02-08T02:47:29.905Z] Checked if tokens are valid: true, expires at: 1770522390817
[debug] [2026-02-08T02:47:29.906Z] Checked if tokens are valid: true, expires at: 1770522390817
[debug] [2026-02-08T02:47:29.906Z] Checked if tokens are valid: true, expires at: 1770522390817
[debug] [2026-02-08T02:47:29.906Z] >>> [apiv2][query] GET https://serviceusage.googleapis.com/v1/projects/wink-academy/services/firestore.googleapis.com [none]
[debug] [2026-02-08T02:47:29.906Z] >>> [apiv2][(partial)header] GET https://serviceusage.googleapis.com/v1/projects/wink-academy/services/firestore.googleapis.com  x-goog-user-project=wink-academy
[debug] [2026-02-08T02:47:29.907Z] >>> [apiv2][query] GET https://serviceusage.googleapis.com/v1/projects/wink-academy/services/firebasedataconnect.googleapis.com [none]
[debug] [2026-02-08T02:47:29.907Z] >>> [apiv2][(partial)header] GET https://serviceusage.googleapis.com/v1/projects/wink-academy/services/firebasedataconnect.googleapis.com  x-goog-user-project=wink-academy
[debug] [2026-02-08T02:47:29.907Z] >>> [apiv2][query] GET https://serviceusage.googleapis.com/v1/projects/wink-academy/services/cloudfunctions.googleapis.com [none]
[debug] [2026-02-08T02:47:29.907Z] >>> [apiv2][(partial)header] GET https://serviceusage.googleapis.com/v1/projects/wink-academy/services/cloudfunctions.googleapis.com  x-goog-user-project=wink-academy
[debug] [2026-02-08T02:47:29.908Z] >>> [apiv2][query] GET https://serviceusage.googleapis.com/v1/projects/wink-academy/services/firebaseapphosting.googleapis.com [none]
[debug] [2026-02-08T02:47:29.908Z] >>> [apiv2][(partial)header] GET https://serviceusage.googleapis.com/v1/projects/wink-academy/services/firebaseapphosting.googleapis.com  x-goog-user-project=wink-academy
[debug] [2026-02-08T02:47:29.908Z] >>> [apiv2][query] GET https://serviceusage.googleapis.com/v1/projects/wink-academy/services/firebaseio.com [none]
[debug] [2026-02-08T02:47:29.909Z] >>> [apiv2][(partial)header] GET https://serviceusage.googleapis.com/v1/projects/wink-academy/services/firebaseio.com  x-goog-user-project=wink-academy
[debug] [2026-02-08T02:47:31.504Z] <<< [apiv2][status] GET https://serviceusage.googleapis.com/v1/projects/wink-academy/services/firebaseio.com 403
[debug] [2026-02-08T02:47:31.505Z] <<< [apiv2][body] GET https://serviceusage.googleapis.com/v1/projects/wink-academy/services/firebaseio.com [omitted]
[debug] [2026-02-08T02:47:31.704Z] <<< [apiv2][status] GET https://serviceusage.googleapis.com/v1/projects/wink-academy/services/firebaseapphosting.googleapis.com 200
[debug] [2026-02-08T02:47:31.704Z] <<< [apiv2][body] GET https://serviceusage.googleapis.com/v1/projects/wink-academy/services/firebaseapphosting.googleapis.com [omitted]
[debug] [2026-02-08T02:47:31.705Z] <<< [apiv2][status] GET https://serviceusage.googleapis.com/v1/projects/wink-academy/services/firebasedataconnect.googleapis.com 200
[debug] [2026-02-08T02:47:31.705Z] <<< [apiv2][body] GET https://serviceusage.googleapis.com/v1/projects/wink-academy/services/firebasedataconnect.googleapis.com [omitted]
[debug] [2026-02-08T02:47:31.715Z] <<< [apiv2][status] GET https://serviceusage.googleapis.com/v1/projects/wink-academy/services/cloudfunctions.googleapis.com 200
[debug] [2026-02-08T02:47:31.715Z] <<< [apiv2][body] GET https://serviceusage.googleapis.com/v1/projects/wink-academy/services/cloudfunctions.googleapis.com [omitted]
[debug] [2026-02-08T02:47:31.722Z] <<< [apiv2][status] GET https://serviceusage.googleapis.com/v1/projects/wink-academy/services/firestore.googleapis.com 200
[debug] [2026-02-08T02:47:31.722Z] <<< [apiv2][body] GET https://serviceusage.googleapis.com/v1/projects/wink-academy/services/firestore.googleapis.com [omitted]
[debug] [2026-02-08T02:47:31.895Z] > command requires scopes: ["email","openid","https://www.googleapis.com/auth/cloudplatformprojects.readonly","https://www.googleapis.com/auth/firebase","https://www.googleapis.com/auth/cloud-platform"]
[debug] [2026-02-08T02:47:31.895Z] > authorizing via signed-in user (bjorn@wink.travel)
[debug] [2026-02-08T02:47:31.895Z] Checked if tokens are valid: true, expires at: 1770522390817
[debug] [2026-02-08T02:47:31.895Z] Checked if tokens are valid: true, expires at: 1770522390817
[debug] [2026-02-08T02:47:31.895Z] >>> [apiv2][query] GET https://cloudbilling.googleapis.com/v1/projects/wink-academy/billingInfo [none]
[debug] [2026-02-08T02:47:31.965Z] <<< [apiv2][status] GET https://serviceusage.googleapis.com/v1/projects/wink-academy/services/firebasedataconnect.googleapis.com 200
[debug] [2026-02-08T02:47:31.965Z] <<< [apiv2][body] GET https://serviceusage.googleapis.com/v1/projects/wink-academy/services/firebasedataconnect.googleapis.com [omitted]
[debug] [2026-02-08T02:47:31.977Z] <<< [apiv2][status] GET https://serviceusage.googleapis.com/v1/projects/wink-academy/services/firebaseio.com 403
[debug] [2026-02-08T02:47:31.977Z] <<< [apiv2][body] GET https://serviceusage.googleapis.com/v1/projects/wink-academy/services/firebaseio.com [omitted]
[debug] [2026-02-08T02:47:31.979Z] <<< [apiv2][status] GET https://serviceusage.googleapis.com/v1/projects/wink-academy/services/firebaseio.com 403
[debug] [2026-02-08T02:47:31.979Z] <<< [apiv2][body] GET https://serviceusage.googleapis.com/v1/projects/wink-academy/services/firebaseio.com [omitted]
[debug] [2026-02-08T02:47:31.980Z] <<< [apiv2][status] GET https://serviceusage.googleapis.com/v1/projects/wink-academy/services/firestore.googleapis.com 200
[debug] [2026-02-08T02:47:31.980Z] <<< [apiv2][body] GET https://serviceusage.googleapis.com/v1/projects/wink-academy/services/firestore.googleapis.com [omitted]
[debug] [2026-02-08T02:47:32.015Z] <<< [apiv2][status] GET https://serviceusage.googleapis.com/v1/projects/wink-academy/services/firestore.googleapis.com 200
[debug] [2026-02-08T02:47:32.015Z] <<< [apiv2][body] GET https://serviceusage.googleapis.com/v1/projects/wink-academy/services/firestore.googleapis.com [omitted]
[debug] [2026-02-08T02:47:32.018Z] <<< [apiv2][status] GET https://serviceusage.googleapis.com/v1/projects/wink-academy/services/cloudfunctions.googleapis.com 200
[debug] [2026-02-08T02:47:32.018Z] <<< [apiv2][body] GET https://serviceusage.googleapis.com/v1/projects/wink-academy/services/cloudfunctions.googleapis.com [omitted]
[debug] [2026-02-08T02:47:32.019Z] <<< [apiv2][status] GET https://serviceusage.googleapis.com/v1/projects/wink-academy/services/cloudfunctions.googleapis.com 200
[debug] [2026-02-08T02:47:32.019Z] <<< [apiv2][body] GET https://serviceusage.googleapis.com/v1/projects/wink-academy/services/cloudfunctions.googleapis.com [omitted]
[debug] [2026-02-08T02:47:32.022Z] <<< [apiv2][status] GET https://serviceusage.googleapis.com/v1/projects/wink-academy/services/firebaseapphosting.googleapis.com 200
[debug] [2026-02-08T02:47:32.022Z] <<< [apiv2][body] GET https://serviceusage.googleapis.com/v1/projects/wink-academy/services/firebaseapphosting.googleapis.com [omitted]
[debug] [2026-02-08T02:47:32.024Z] <<< [apiv2][status] GET https://serviceusage.googleapis.com/v1/projects/wink-academy/services/firebasedataconnect.googleapis.com 200
[debug] [2026-02-08T02:47:32.024Z] <<< [apiv2][body] GET https://serviceusage.googleapis.com/v1/projects/wink-academy/services/firebasedataconnect.googleapis.com [omitted]
[debug] [2026-02-08T02:47:32.046Z] <<< [apiv2][status] GET https://serviceusage.googleapis.com/v1/projects/wink-academy/services/firebaseapphosting.googleapis.com 200
[debug] [2026-02-08T02:47:32.046Z] <<< [apiv2][body] GET https://serviceusage.googleapis.com/v1/projects/wink-academy/services/firebaseapphosting.googleapis.com [omitted]
[debug] [2026-02-08T02:47:32.071Z] > command requires scopes: ["email","openid","https://www.googleapis.com/auth/cloudplatformprojects.readonly","https://www.googleapis.com/auth/firebase","https://www.googleapis.com/auth/cloud-platform"]
[debug] [2026-02-08T02:47:32.071Z] > authorizing via signed-in user (bjorn@wink.travel)
[debug] [2026-02-08T02:47:32.071Z] Checked if tokens are valid: true, expires at: 1770522390817
[debug] [2026-02-08T02:47:32.071Z] Checked if tokens are valid: true, expires at: 1770522390817
[debug] [2026-02-08T02:47:32.071Z] >>> [apiv2][query] GET https://cloudbilling.googleapis.com/v1/projects/wink-academy/billingInfo [none]
[debug] [2026-02-08T02:47:33.175Z] <<< [apiv2][status] GET https://cloudbilling.googleapis.com/v1/projects/wink-academy/billingInfo 200
[debug] [2026-02-08T02:47:33.176Z] <<< [apiv2][body] GET https://cloudbilling.googleapis.com/v1/projects/wink-academy/billingInfo {"name":"projects/wink-academy/billingInfo","projectId":"wink-academy","billingAccountName":"","billingEnabled":false}
[debug] [2026-02-08T02:47:33.179Z] > command requires scopes: ["email","openid","https://www.googleapis.com/auth/cloudplatformprojects.readonly","https://www.googleapis.com/auth/firebase","https://www.googleapis.com/auth/cloud-platform"]
[debug] [2026-02-08T02:47:33.179Z] > authorizing via signed-in user (bjorn@wink.travel)
[debug] [2026-02-08T02:47:33.310Z] <<< [apiv2][status] GET https://cloudbilling.googleapis.com/v1/projects/wink-academy/billingInfo 200
[debug] [2026-02-08T02:47:33.310Z] <<< [apiv2][body] GET https://cloudbilling.googleapis.com/v1/projects/wink-academy/billingInfo {"name":"projects/wink-academy/billingInfo","projectId":"wink-academy","billingAccountName":"","billingEnabled":false}
[debug] [2026-02-08T02:47:33.311Z] > command requires scopes: ["email","openid","https://www.googleapis.com/auth/cloudplatformprojects.readonly","https://www.googleapis.com/auth/firebase","https://www.googleapis.com/auth/cloud-platform"]
[debug] [2026-02-08T02:47:33.311Z] > authorizing via signed-in user (bjorn@wink.travel)
